[2025-07-07 23:06:53] Session started. Session data: {"user_id":"6","username":"234234","role":"mahasiswa","full_name":"riyan","email":"sdfsdf@gmail.com","logged_in":true,"login_time":1751922410}
[2025-07-07 23:06:53] Username: 234234, Role: mahasiswa
[2025-07-07 23:06:53] Database error: SQLSTATE[42S02]: Base table or view not found: 1146 Table 'siom_db.prodi' doesn't exist
[2025-07-07 23:07:04] Session started. Session data: {"user_id":"6","username":"234234","role":"mahasiswa","full_name":"riyan","email":"sdfsdf@gmail.com","logged_in":true,"login_time":1751922410}
[2025-07-07 23:07:04] Username: 234234, Role: mahasiswa
[2025-07-07 23:07:04] Database error: SQLSTATE[42S02]: Base table or view not found: 1146 Table 'siom_db.prodi' doesn't exist
[2025-07-07 23:08:49] Session started. Session data: {"user_id":"6","username":"234234","role":"mahasiswa","full_name":"riyan","email":"sdfsdf@gmail.com","logged_in":true,"login_time":1751922527}
[2025-07-07 23:08:49] Username: 234234, Role: mahasiswa
[2025-07-07 23:08:49] Database error: SQLSTATE[42S02]: Base table or view not found: 1146 Table 'siom_db.prodi' doesn't exist
[2025-07-07 23:09:00] Session started. Session data: {"user_id":"6","username":"234234","role":"mahasiswa","full_name":"riyan","email":"sdfsdf@gmail.com","logged_in":true,"login_time":1751922527}
[2025-07-07 23:09:00] Username: 234234, Role: mahasiswa
[2025-07-07 23:09:00] Database error: SQLSTATE[42S02]: Base table or view not found: 1146 Table 'siom_db.prodi' doesn't exist
[2025-07-07 23:09:15] Session started. Session data: {"user_id":"6","username":"234234","role":"mahasiswa","full_name":"riyan","email":"sdfsdf@gmail.com","logged_in":true,"login_time":1751922527}
[2025-07-07 23:09:15] Username: 234234, Role: mahasiswa
[2025-07-07 23:09:15] Database error: SQLSTATE[42S02]: Base table or view not found: 1146 Table 'siom_db.prodi' doesn't exist
[2025-07-08 00:10:27] Session started. Session data: {"user_id":"7","username":"1111","role":"mahasiswa","full_name":"Maya","email":"maya@gmail.com","logged_in":true,"login_time":1751926225}
[2025-07-08 00:10:27] Username: 1111, Role: mahasiswa
[2025-07-08 00:10:27] Database error: SQLSTATE[42S02]: Base table or view not found: 1146 Table 'siom_db.prodi' doesn't exist
[2025-07-08 00:10:51] Session started. Session data: {"user_id":"7","username":"1111","role":"mahasiswa","full_name":"Maya","email":"maya@gmail.com","logged_in":true,"login_time":1751926249}
[2025-07-08 00:10:51] Username: 1111, Role: mahasiswa
[2025-07-08 00:10:51] Database error: SQLSTATE[42S02]: Base table or view not found: 1146 Table 'siom_db.prodi' doesn't exist
[2025-07-08 00:22:39] Session started. Session data: {"user_id":"7","username":"1111","role":"mahasiswa","full_name":"Maya","email":"maya@gmail.com","logged_in":true,"login_time":1751926957}
[2025-07-08 00:22:39] Username: 1111, Role: mahasiswa
[2025-07-08 00:22:39] Database error: SQLSTATE[42S02]: Base table or view not found: 1146 Table 'siom_db.prodi' doesn't exist
[2025-07-08 00:23:49] Session started. Session data: {"user_id":"6","username":"234234","role":"mahasiswa","full_name":"riyan","email":"sdfsdf@gmail.com","logged_in":true,"login_time":1751927028}
[2025-07-08 00:23:49] Username: 234234, Role: mahasiswa
[2025-07-08 00:23:49] Database error: SQLSTATE[42S02]: Base table or view not found: 1146 Table 'siom_db.prodi' doesn't exist
[2025-07-08 00:24:51] Session started. Session data: {"user_id":"6","username":"234234","role":"mahasiswa","full_name":"riyan","email":"sdfsdf@gmail.com","logged_in":true,"login_time":1751927028}
[2025-07-08 00:24:51] Username: 234234, Role: mahasiswa
[2025-07-08 00:24:51] Database error: SQLSTATE[42S02]: Base table or view not found: 1146 Table 'siom_db.prodi' doesn't exist
[2025-07-08 00:25:45] Session started. Session data: {"user_id":"6","username":"234234","role":"mahasiswa","full_name":"riyan","email":"sdfsdf@gmail.com","logged_in":true,"login_time":1751927028}
[2025-07-08 00:25:45] Username: 234234, Role: mahasiswa
[2025-07-08 00:25:45] Database error: SQLSTATE[42S02]: Base table or view not found: 1146 Table 'siom_db.prodi' doesn't exist
[2025-07-08 00:27:52] Session started. Session data: {"user_id":"6","username":"234234","role":"mahasiswa","full_name":"riyan","email":"sdfsdf@gmail.com","logged_in":true,"login_time":1751927028}
[2025-07-08 00:27:52] Username: 234234, Role: mahasiswa
[2025-07-08 00:27:52] Database error: SQLSTATE[42S02]: Base table or view not found: 1146 Table 'siom_db.prodi' doesn't exist
[2025-07-08 00:28:52] Session started. Session data: {"user_id":"6","username":"234234","role":"mahasiswa","full_name":"riyan","email":"sdfsdf@gmail.com","logged_in":true,"login_time":1751927028}
[2025-07-08 00:28:52] Username: 234234, Role: mahasiswa
[2025-07-08 00:28:52] Database error: SQLSTATE[42S02]: Base table or view not found: 1146 Table 'siom_db.prodi' doesn't exist
[2025-07-08 00:29:06] Session started. Session data: {"user_id":"6","username":"234234","role":"mahasiswa","full_name":"riyan","email":"sdfsdf@gmail.com","logged_in":true,"login_time":1751927344}
[2025-07-08 00:29:06] Username: 234234, Role: mahasiswa
[2025-07-08 00:29:06] Database error: SQLSTATE[42S02]: Base table or view not found: 1146 Table 'siom_db.prodi' doesn't exist
[2025-07-08 00:29:27] Session started. Session data: {"user_id":"6","username":"234234","role":"mahasiswa","full_name":"riyan","email":"sdfsdf@gmail.com","logged_in":true,"login_time":1751927344}
[2025-07-08 00:29:27] Username: 234234, Role: mahasiswa
[2025-07-08 00:29:27] Database error: SQLSTATE[42S02]: Base table or view not found: 1146 Table 'siom_db.prodi' doesn't exist
[2025-07-08 00:31:01] Session started. Session data: {"user_id":"6","username":"234234","role":"mahasiswa","full_name":"riyan","email":"sdfsdf@gmail.com","logged_in":true,"login_time":1751927344}
[2025-07-08 00:31:01] Username: 234234, Role: mahasiswa
[2025-07-08 00:31:01] Database error: SQLSTATE[42S02]: Base table or view not found: 1146 Table 'siom_db.prodi' doesn't exist
[2025-07-08 00:31:11] Session started. Session data: {"user_id":"6","username":"234234","role":"mahasiswa","full_name":"riyan","email":"sdfsdf@gmail.com","logged_in":true,"login_time":1751927344}
[2025-07-08 00:31:11] Username: 234234, Role: mahasiswa
[2025-07-08 00:31:11] Database error: SQLSTATE[42S02]: Base table or view not found: 1146 Table 'siom_db.prodi' doesn't exist
[2025-07-08 00:35:03] Session started. Session data: {"user_id":"6","username":"234234","role":"mahasiswa","full_name":"riyan","email":"sdfsdf@gmail.com","logged_in":true,"login_time":1751927701}
[2025-07-08 00:35:03] Username: 234234, Role: mahasiswa
[2025-07-08 00:35:03] Database error: SQLSTATE[42S02]: Base table or view not found: 1146 Table 'siom_db.prodi' doesn't exist
[2025-07-08 00:35:06] Session started. Session data: {"user_id":"6","username":"234234","role":"mahasiswa","full_name":"riyan","email":"sdfsdf@gmail.com","logged_in":true,"login_time":1751927701}
[2025-07-08 00:35:06] Username: 234234, Role: mahasiswa
[2025-07-08 00:35:06] Database error: SQLSTATE[42S02]: Base table or view not found: 1146 Table 'siom_db.prodi' doesn't exist
[2025-07-08 00:35:27] Session started. Session data: {"user_id":"6","username":"234234","role":"mahasiswa","full_name":"riyan","email":"sdfsdf@gmail.com","logged_in":true,"login_time":1751927701}
[2025-07-08 00:35:27] Username: 234234, Role: mahasiswa
[2025-07-08 00:35:27] Database error: SQLSTATE[42S02]: Base table or view not found: 1146 Table 'siom_db.prodi' doesn't exist
[2025-07-08 00:35:33] Session started. Session data: {"user_id":"6","username":"234234","role":"mahasiswa","full_name":"riyan","email":"sdfsdf@gmail.com","logged_in":true,"login_time":1751927701}
[2025-07-08 00:35:33] Username: 234234, Role: mahasiswa
[2025-07-08 00:35:33] Database error: SQLSTATE[42S02]: Base table or view not found: 1146 Table 'siom_db.prodi' doesn't exist
[2025-07-08 00:36:52] Session started. Session data: {"user_id":"6","username":"234234","role":"mahasiswa","full_name":"riyan","email":"sdfsdf@gmail.com","logged_in":true,"login_time":1751927810}
[2025-07-08 00:36:52] Username: 234234, Role: mahasiswa
[2025-07-08 00:36:52] Database error: SQLSTATE[42S02]: Base table or view not found: 1146 Table 'siom_db.prodi' doesn't exist
[2025-07-08 00:36:55] Session started. Session data: {"user_id":"6","username":"234234","role":"mahasiswa","full_name":"riyan","email":"sdfsdf@gmail.com","logged_in":true,"login_time":1751927810}
[2025-07-08 00:36:55] Username: 234234, Role: mahasiswa
[2025-07-08 00:36:55] Database error: SQLSTATE[42S02]: Base table or view not found: 1146 Table 'siom_db.prodi' doesn't exist
[2025-07-08 00:38:03] Session started. Session data: {"user_id":"6","username":"234234","role":"mahasiswa","full_name":"riyan","email":"sdfsdf@gmail.com","logged_in":true,"login_time":1751927810}
[2025-07-08 00:38:03] Username: 234234, Role: mahasiswa
[2025-07-08 00:38:03] Database error: SQLSTATE[42S02]: Base table or view not found: 1146 Table 'siom_db.prodi' doesn't exist
[2025-07-08 00:41:09] Session started. Session data: {"user_id":"6","username":"234234","role":"mahasiswa","full_name":"riyan","email":"sdfsdf@gmail.com","logged_in":true,"login_time":1751928068}
[2025-07-08 00:41:09] Username: 234234, Role: mahasiswa
[2025-07-08 00:41:09] Database error: SQLSTATE[42S02]: Base table or view not found: 1146 Table 'siom_db.prodi' doesn't exist
[2025-07-08 00:41:12] Session started. Session data: {"user_id":"6","username":"234234","role":"mahasiswa","full_name":"riyan","email":"sdfsdf@gmail.com","logged_in":true,"login_time":1751928068}
[2025-07-08 00:41:12] Username: 234234, Role: mahasiswa
[2025-07-08 00:41:12] Database error: SQLSTATE[42S02]: Base table or view not found: 1146 Table 'siom_db.prodi' doesn't exist
[2025-07-08 00:41:13] Session started. Session data: {"user_id":"6","username":"234234","role":"mahasiswa","full_name":"riyan","email":"sdfsdf@gmail.com","logged_in":true,"login_time":1751928068}
[2025-07-08 00:41:13] Username: 234234, Role: mahasiswa
[2025-07-08 00:41:13] Database error: SQLSTATE[42S02]: Base table or view not found: 1146 Table 'siom_db.prodi' doesn't exist
[2025-07-08 00:41:30] Session started. Session data: {"user_id":"6","username":"234234","role":"mahasiswa","full_name":"riyan","email":"sdfsdf@gmail.com","logged_in":true,"login_time":1751928068}
[2025-07-08 00:41:30] Username: 234234, Role: mahasiswa
[2025-07-08 00:41:30] Database error: SQLSTATE[42S02]: Base table or view not found: 1146 Table 'siom_db.prodi' doesn't exist
[2025-07-08 00:42:17] Session started. Session data: {"user_id":"7","username":"1111","role":"mahasiswa","full_name":"Maya","email":"maya@gmail.com","logged_in":true,"login_time":1751928135}
[2025-07-08 00:42:17] Username: 1111, Role: mahasiswa
[2025-07-08 00:42:17] Database error: SQLSTATE[42S02]: Base table or view not found: 1146 Table 'siom_db.prodi' doesn't exist
[2025-07-08 00:42:20] Session started. Session data: {"user_id":"7","username":"1111","role":"mahasiswa","full_name":"Maya","email":"maya@gmail.com","logged_in":true,"login_time":1751928135}
[2025-07-08 00:42:20] Username: 1111, Role: mahasiswa
[2025-07-08 00:42:20] Database error: SQLSTATE[42S02]: Base table or view not found: 1146 Table 'siom_db.prodi' doesn't exist
[2025-07-08 00:43:16] Session started. Session data: {"user_id":"7","username":"1111","role":"mahasiswa","full_name":"Maya","email":"maya@gmail.com","logged_in":true,"login_time":1751928135}
[2025-07-08 00:43:16] Username: 1111, Role: mahasiswa
[2025-07-08 00:43:16] Database error: SQLSTATE[42S02]: Base table or view not found: 1146 Table 'siom_db.prodi' doesn't exist
[2025-07-08 00:44:51] Session started. Session data: {"user_id":"7","username":"1111","role":"mahasiswa","full_name":"Maya","email":"maya@gmail.com","logged_in":true,"login_time":1751928135}
[2025-07-08 00:44:51] Username: 1111, Role: mahasiswa
[2025-07-08 00:44:51] Database error: SQLSTATE[42S02]: Base table or view not found: 1146 Table 'siom_db.prodi' doesn't exist
[2025-07-08 00:44:54] Session started. Session data: {"user_id":"7","username":"1111","role":"mahasiswa","full_name":"Maya","email":"maya@gmail.com","logged_in":true,"login_time":1751928135}
[2025-07-08 00:44:54] Username: 1111, Role: mahasiswa
[2025-07-08 00:44:54] Database error: SQLSTATE[42S02]: Base table or view not found: 1146 Table 'siom_db.prodi' doesn't exist
[2025-07-08 00:45:03] Session started. Session data: {"user_id":"7","username":"1111","role":"mahasiswa","full_name":"Maya","email":"maya@gmail.com","logged_in":true,"login_time":1751928135}
[2025-07-08 00:45:03] Username: 1111, Role: mahasiswa
[2025-07-08 00:45:03] Database error: SQLSTATE[42S02]: Base table or view not found: 1146 Table 'siom_db.prodi' doesn't exist
[2025-07-08 01:05:28] Session started. Session data: {"user_id":"7","username":"1111","role":"mahasiswa","full_name":"Maya","email":"maya@gmail.com","logged_in":true,"login_time":1751929527}
[2025-07-08 01:05:28] Username: 1111, Role: mahasiswa
[2025-07-08 01:05:28] Database error: SQLSTATE[42S02]: Base table or view not found: 1146 Table 'siom_db.prodi' doesn't exist
[2025-07-08 01:05:35] Session started. Session data: {"user_id":"7","username":"1111","role":"mahasiswa","full_name":"Maya","email":"maya@gmail.com","logged_in":true,"login_time":1751929527}
[2025-07-08 01:05:35] Username: 1111, Role: mahasiswa
[2025-07-08 01:05:35] Database error: SQLSTATE[42S02]: Base table or view not found: 1146 Table 'siom_db.prodi' doesn't exist
[2025-07-08 01:05:36] Session started. Session data: {"user_id":"7","username":"1111","role":"mahasiswa","full_name":"Maya","email":"maya@gmail.com","logged_in":true,"login_time":1751929527}
[2025-07-08 01:05:36] Username: 1111, Role: mahasiswa
[2025-07-08 01:05:36] Database error: SQLSTATE[42S02]: Base table or view not found: 1146 Table 'siom_db.prodi' doesn't exist
[2025-07-08 01:05:37] Session started. Session data: {"user_id":"7","username":"1111","role":"mahasiswa","full_name":"Maya","email":"maya@gmail.com","logged_in":true,"login_time":1751929527}
[2025-07-08 01:05:37] Username: 1111, Role: mahasiswa
[2025-07-08 01:05:37] Database error: SQLSTATE[42S02]: Base table or view not found: 1146 Table 'siom_db.prodi' doesn't exist
[2025-07-08 01:05:38] Session started. Session data: {"user_id":"7","username":"1111","role":"mahasiswa","full_name":"Maya","email":"maya@gmail.com","logged_in":true,"login_time":1751929527}
[2025-07-08 01:05:38] Username: 1111, Role: mahasiswa
[2025-07-08 01:05:38] Database error: SQLSTATE[42S02]: Base table or view not found: 1146 Table 'siom_db.prodi' doesn't exist
[2025-07-08 01:05:40] Session started. Session data: {"user_id":"7","username":"1111","role":"mahasiswa","full_name":"Maya","email":"maya@gmail.com","logged_in":true,"login_time":1751929527}
[2025-07-08 01:05:40] Username: 1111, Role: mahasiswa
[2025-07-08 01:05:40] Database error: SQLSTATE[42S02]: Base table or view not found: 1146 Table 'siom_db.prodi' doesn't exist
[2025-07-08 01:05:41] Session started. Session data: {"user_id":"7","username":"1111","role":"mahasiswa","full_name":"Maya","email":"maya@gmail.com","logged_in":true,"login_time":1751929527}
[2025-07-08 01:05:41] Username: 1111, Role: mahasiswa
[2025-07-08 01:05:41] Database error: SQLSTATE[42S02]: Base table or view not found: 1146 Table 'siom_db.prodi' doesn't exist
[2025-07-08 01:05:47] Session started. Session data: {"user_id":"7","username":"1111","role":"mahasiswa","full_name":"Maya","email":"maya@gmail.com","logged_in":true,"login_time":1751929527}
[2025-07-08 01:05:47] Username: 1111, Role: mahasiswa
[2025-07-08 01:05:47] Database error: SQLSTATE[42S02]: Base table or view not found: 1146 Table 'siom_db.prodi' doesn't exist
[2025-07-08 01:05:48] Session started. Session data: {"user_id":"7","username":"1111","role":"mahasiswa","full_name":"Maya","email":"maya@gmail.com","logged_in":true,"login_time":1751929527}
[2025-07-08 01:05:48] Username: 1111, Role: mahasiswa
[2025-07-08 01:05:48] Database error: SQLSTATE[42S02]: Base table or view not found: 1146 Table 'siom_db.prodi' doesn't exist
[2025-07-08 01:05:49] Session started. Session data: {"user_id":"7","username":"1111","role":"mahasiswa","full_name":"Maya","email":"maya@gmail.com","logged_in":true,"login_time":1751929527}
[2025-07-08 01:05:49] Username: 1111, Role: mahasiswa
[2025-07-08 01:05:49] Database error: SQLSTATE[42S02]: Base table or view not found: 1146 Table 'siom_db.prodi' doesn't exist
[2025-07-08 01:05:51] Session started. Session data: {"user_id":"7","username":"1111","role":"mahasiswa","full_name":"Maya","email":"maya@gmail.com","logged_in":true,"login_time":1751929527}
[2025-07-08 01:05:51] Username: 1111, Role: mahasiswa
[2025-07-08 01:05:51] Database error: SQLSTATE[42S02]: Base table or view not found: 1146 Table 'siom_db.prodi' doesn't exist
[2025-07-08 01:19:00] Session started. Session data: {"user_id":"7","username":"1111","role":"mahasiswa","full_name":"Maya","email":"maya@gmail.com","logged_in":true,"login_time":1751929527}
[2025-07-08 01:19:00] Username: 1111, Role: mahasiswa
[2025-07-08 01:19:00] Database error: SQLSTATE[42S02]: Base table or view not found: 1146 Table 'siom_db.prodi' doesn't exist
[2025-07-08 01:19:02] Session started. Session data: {"user_id":"7","username":"1111","role":"mahasiswa","full_name":"Maya","email":"maya@gmail.com","logged_in":true,"login_time":1751929527}
[2025-07-08 01:19:02] Username: 1111, Role: mahasiswa
[2025-07-08 01:19:02] Database error: SQLSTATE[42S02]: Base table or view not found: 1146 Table 'siom_db.prodi' doesn't exist
[2025-07-08 01:19:03] Session started. Session data: {"user_id":"7","username":"1111","role":"mahasiswa","full_name":"Maya","email":"maya@gmail.com","logged_in":true,"login_time":1751929527}
[2025-07-08 01:19:03] Username: 1111, Role: mahasiswa
[2025-07-08 01:19:03] Database error: SQLSTATE[42S02]: Base table or view not found: 1146 Table 'siom_db.prodi' doesn't exist
[2025-07-08 01:19:04] Session started. Session data: {"user_id":"7","username":"1111","role":"mahasiswa","full_name":"Maya","email":"maya@gmail.com","logged_in":true,"login_time":1751929527}
[2025-07-08 01:19:04] Username: 1111, Role: mahasiswa
[2025-07-08 01:19:04] Database error: SQLSTATE[42S02]: Base table or view not found: 1146 Table 'siom_db.prodi' doesn't exist
[2025-07-08 01:19:05] Session started. Session data: {"user_id":"7","username":"1111","role":"mahasiswa","full_name":"Maya","email":"maya@gmail.com","logged_in":true,"login_time":1751929527}
[2025-07-08 01:19:05] Username: 1111, Role: mahasiswa
[2025-07-08 01:19:05] Database error: SQLSTATE[42S02]: Base table or view not found: 1146 Table 'siom_db.prodi' doesn't exist
[2025-07-08 01:20:01] Session started. Session data: {"user_id":"7","username":"1111","role":"mahasiswa","full_name":"Maya","email":"maya@gmail.com","logged_in":true,"login_time":1751930399}
[2025-07-08 01:20:01] Username: 1111, Role: mahasiswa
[2025-07-08 01:20:01] Database error: SQLSTATE[42S02]: Base table or view not found: 1146 Table 'siom_db.prodi' doesn't exist
[2025-07-08 01:20:03] Session started. Session data: {"user_id":"7","username":"1111","role":"mahasiswa","full_name":"Maya","email":"maya@gmail.com","logged_in":true,"login_time":1751930399}
[2025-07-08 01:20:03] Username: 1111, Role: mahasiswa
[2025-07-08 01:20:03] Database error: SQLSTATE[42S02]: Base table or view not found: 1146 Table 'siom_db.prodi' doesn't exist
[2025-07-08 01:20:04] Session started. Session data: {"user_id":"7","username":"1111","role":"mahasiswa","full_name":"Maya","email":"maya@gmail.com","logged_in":true,"login_time":1751930399}
[2025-07-08 01:20:04] Username: 1111, Role: mahasiswa
[2025-07-08 01:20:04] Database error: SQLSTATE[42S02]: Base table or view not found: 1146 Table 'siom_db.prodi' doesn't exist
[2025-07-08 01:20:05] Session started. Session data: {"user_id":"7","username":"1111","role":"mahasiswa","full_name":"Maya","email":"maya@gmail.com","logged_in":true,"login_time":1751930399}
[2025-07-08 01:20:05] Username: 1111, Role: mahasiswa
[2025-07-08 01:20:05] Database error: SQLSTATE[42S02]: Base table or view not found: 1146 Table 'siom_db.prodi' doesn't exist
[2025-07-08 01:24:49] Session started. Session data: {"user_id":"1","username":"admin","role":"admin","full_name":"Administrator","email":"admin@siom.com","logged_in":true,"login_time":1751930413}
[2025-07-08 01:24:49] Username: admin, Role: admin
[2025-07-08 01:24:49] Access denied. Role: admin
[2025-07-08 01:24:51] Session started. Session data: {"user_id":"1","username":"admin","role":"admin","full_name":"Administrator","email":"admin@siom.com","logged_in":true,"login_time":1751930413}
[2025-07-08 01:24:51] Username: admin, Role: admin
[2025-07-08 01:24:51] Access denied. Role: admin
[2025-07-08 01:24:53] Session started. Session data: {"user_id":"1","username":"admin","role":"admin","full_name":"Administrator","email":"admin@siom.com","logged_in":true,"login_time":1751930413}
[2025-07-08 01:24:53] Username: admin, Role: admin
[2025-07-08 01:24:53] Access denied. Role: admin
[2025-07-08 01:24:56] Session started. Session data: {"user_id":"1","username":"admin","role":"admin","full_name":"Administrator","email":"admin@siom.com","logged_in":true,"login_time":1751930413}
[2025-07-08 01:24:56] Username: admin, Role: admin
[2025-07-08 01:24:56] Access denied. Role: admin
[2025-07-08 01:25:00] Session started. Session data: {"user_id":"1","username":"admin","role":"admin","full_name":"Administrator","email":"admin@siom.com","logged_in":true,"login_time":1751930413}
[2025-07-08 01:25:00] Username: admin, Role: admin
[2025-07-08 01:25:00] Access denied. Role: admin
[2025-07-08 01:25:01] Session started. Session data: {"user_id":"1","username":"admin","role":"admin","full_name":"Administrator","email":"admin@siom.com","logged_in":true,"login_time":1751930413}
[2025-07-08 01:25:01] Username: admin, Role: admin
[2025-07-08 01:25:01] Access denied. Role: admin
[2025-07-08 01:25:04] Session started. Session data: {"user_id":"1","username":"admin","role":"admin","full_name":"Administrator","email":"admin@siom.com","logged_in":true,"login_time":1751930413}
[2025-07-08 01:25:04] Username: admin, Role: admin
[2025-07-08 01:25:04] Access denied. Role: admin
[2025-07-08 01:25:05] Session started. Session data: {"user_id":"1","username":"admin","role":"admin","full_name":"Administrator","email":"admin@siom.com","logged_in":true,"login_time":1751930413}
[2025-07-08 01:25:05] Username: admin, Role: admin
[2025-07-08 01:25:05] Access denied. Role: admin
[2025-07-08 01:25:27] Session started. Session data: {"user_id":"1","username":"admin","role":"admin","full_name":"Administrator","email":"admin@siom.com","logged_in":true,"login_time":1751930413}
[2025-07-08 01:25:27] Username: admin, Role: admin
[2025-07-08 01:25:27] Access denied. Role: admin
[2025-07-08 01:25:29] Session started. Session data: {"user_id":"1","username":"admin","role":"admin","full_name":"Administrator","email":"admin@siom.com","logged_in":true,"login_time":1751930413}
[2025-07-08 01:25:29] Username: admin, Role: admin
[2025-07-08 01:25:29] Access denied. Role: admin
[2025-07-08 01:25:31] Session started. Session data: {"user_id":"1","username":"admin","role":"admin","full_name":"Administrator","email":"admin@siom.com","logged_in":true,"login_time":1751930413}
[2025-07-08 01:25:31] Username: admin, Role: admin
[2025-07-08 01:25:31] Access denied. Role: admin
[2025-07-08 01:25:32] Session started. Session data: {"user_id":"1","username":"admin","role":"admin","full_name":"Administrator","email":"admin@siom.com","logged_in":true,"login_time":1751930413}
[2025-07-08 01:25:32] Username: admin, Role: admin
[2025-07-08 01:25:32] Access denied. Role: admin
[2025-07-08 01:25:33] Session started. Session data: {"user_id":"1","username":"admin","role":"admin","full_name":"Administrator","email":"admin@siom.com","logged_in":true,"login_time":1751930413}
[2025-07-08 01:25:33] Username: admin, Role: admin
[2025-07-08 01:25:33] Access denied. Role: admin
[2025-07-08 01:25:34] Session started. Session data: {"user_id":"1","username":"admin","role":"admin","full_name":"Administrator","email":"admin@siom.com","logged_in":true,"login_time":1751930413}
[2025-07-08 01:25:34] Username: admin, Role: admin
[2025-07-08 01:25:34] Access denied. Role: admin
[2025-07-08 01:25:37] Session started. Session data: {"user_id":"1","username":"admin","role":"admin","full_name":"Administrator","email":"admin@siom.com","logged_in":true,"login_time":1751930413}
[2025-07-08 01:25:37] Username: admin, Role: admin
[2025-07-08 01:25:37] Access denied. Role: admin
[2025-07-08 01:29:39] Session started. Session data: {"user_id":"1","username":"admin","role":"admin","full_name":"Administrator","email":"admin@siom.com","logged_in":true,"login_time":1751930413}
[2025-07-08 01:29:39] Username: admin, Role: admin
[2025-07-08 01:29:39] Access denied. Role: admin
[2025-07-08 01:30:22] Session started. Session data: {"user_id":"1","username":"admin","role":"admin","full_name":"Administrator","email":"admin@siom.com","logged_in":true,"login_time":1751930413}
[2025-07-08 01:30:22] Username: admin, Role: admin
[2025-07-08 01:30:22] Access denied. Role: admin
[2025-07-08 01:30:23] Session started. Session data: {"user_id":"1","username":"admin","role":"admin","full_name":"Administrator","email":"admin@siom.com","logged_in":true,"login_time":1751930413}
[2025-07-08 01:30:23] Username: admin, Role: admin
[2025-07-08 01:30:23] Access denied. Role: admin
[2025-07-08 01:30:25] Session started. Session data: {"user_id":"1","username":"admin","role":"admin","full_name":"Administrator","email":"admin@siom.com","logged_in":true,"login_time":1751930413}
[2025-07-08 01:30:25] Username: admin, Role: admin
[2025-07-08 01:30:25] Access denied. Role: admin
[2025-07-08 01:30:26] Session started. Session data: {"user_id":"1","username":"admin","role":"admin","full_name":"Administrator","email":"admin@siom.com","logged_in":true,"login_time":1751930413}
[2025-07-08 01:30:26] Username: admin, Role: admin
[2025-07-08 01:30:26] Access denied. Role: admin
[2025-07-08 01:30:27] Session started. Session data: {"user_id":"1","username":"admin","role":"admin","full_name":"Administrator","email":"admin@siom.com","logged_in":true,"login_time":1751930413}
[2025-07-08 01:30:27] Username: admin, Role: admin
[2025-07-08 01:30:27] Access denied. Role: admin
[2025-07-08 01:31:29] Session started. Session data: {"user_id":"1","username":"admin","role":"admin","full_name":"Administrator","email":"admin@siom.com","logged_in":true,"login_time":1751930413}
[2025-07-08 01:31:29] Username: admin, Role: admin
[2025-07-08 01:31:29] Access denied. Role: admin
[2025-07-08 01:31:30] Session started. Session data: {"user_id":"1","username":"admin","role":"admin","full_name":"Administrator","email":"admin@siom.com","logged_in":true,"login_time":1751930413}
[2025-07-08 01:31:30] Username: admin, Role: admin
[2025-07-08 01:31:30] Access denied. Role: admin
[2025-07-08 01:31:31] Session started. Session data: {"user_id":"1","username":"admin","role":"admin","full_name":"Administrator","email":"admin@siom.com","logged_in":true,"login_time":1751930413}
[2025-07-08 01:31:31] Username: admin, Role: admin
[2025-07-08 01:31:31] Access denied. Role: admin
[2025-07-08 01:31:32] Session started. Session data: {"user_id":"1","username":"admin","role":"admin","full_name":"Administrator","email":"admin@siom.com","logged_in":true,"login_time":1751930413}
[2025-07-08 01:31:32] Username: admin, Role: admin
[2025-07-08 01:31:32] Access denied. Role: admin
[2025-07-08 01:36:15] Session started. Session data: {"user_id":"1","username":"admin","role":"admin","full_name":"Administrator","email":"admin@siom.com","logged_in":true,"login_time":1751930413}
[2025-07-08 01:36:15] Username: admin, Role: admin
[2025-07-08 01:36:15] Access denied. Role: admin
[2025-07-08 01:55:01] Session started. Session data: {"user_id":"1","username":"admin","role":"admin","full_name":"Administrator","email":"admin@siom.com","logged_in":true,"login_time":1751930413}
[2025-07-08 01:55:01] Username: admin, Role: admin
[2025-07-08 01:55:01] Access denied. Role: admin
[2025-07-08 01:55:04] Session started. Session data: {"user_id":"1","username":"admin","role":"admin","full_name":"Administrator","email":"admin@siom.com","logged_in":true,"login_time":1751930413}
[2025-07-08 01:55:04] Username: admin, Role: admin
[2025-07-08 01:55:04] Access denied. Role: admin
[2025-07-08 01:55:04] Session started. Session data: {"user_id":"1","username":"admin","role":"admin","full_name":"Administrator","email":"admin@siom.com","logged_in":true,"login_time":1751930413}
[2025-07-08 01:55:04] Username: admin, Role: admin
[2025-07-08 01:55:04] Access denied. Role: admin
