[2025-07-07 23:06:56] Profile API - Session started. Session data: {"user_id":"6","username":"234234","role":"mahasiswa","full_name":"riyan","email":"sdfsdf@gmail.com","logged_in":true,"login_time":1751922410}
[2025-07-07 23:06:56] Profile API - Username: 234234, Role: mahasiswa, User ID: 6
[2025-07-07 23:06:56] Profile API - User data: {"id":"6","username":"234234","full_name":"riyan","email":"sdfsdf@gmail.com","role":"mahasiswa","created_at":"2025-07-08 06:43:22"}
[2025-07-07 23:06:56] Profile API - Database error: SQLSTATE[42S02]: Base table or view not found: 1146 Table 'siom_db.prodi' doesn't exist
[2025-07-07 23:07:24] Profile API - Session started. Session data: {"user_id":"6","username":"234234","role":"mahasiswa","full_name":"riyan","email":"sdfsdf@gmail.com","logged_in":true,"login_time":1751922410}
[2025-07-07 23:07:25] Profile API - Username: 234234, Role: mahasiswa, User ID: 6
[2025-07-07 23:07:25] Profile API - User data: {"id":"6","username":"234234","full_name":"riyan","email":"sdfsdf@gmail.com","role":"mahasiswa","created_at":"2025-07-08 06:43:22"}
[2025-07-07 23:07:25] Profile API - Database error: SQLSTATE[42S02]: Base table or view not found: 1146 Table 'siom_db.prodi' doesn't exist
[2025-07-08 00:10:38] Profile API - Session started. Session data: {"user_id":"7","username":"1111","role":"mahasiswa","full_name":"Maya","email":"maya@gmail.com","logged_in":true,"login_time":1751926225}
[2025-07-08 00:10:38] Profile API - Username: 1111, Role: mahasiswa, User ID: 7
[2025-07-08 00:10:38] Profile API - User data: {"id":"7","username":"1111","full_name":"Maya","email":"maya@gmail.com","role":"mahasiswa","created_at":"2025-07-08 08:05:17"}
[2025-07-08 00:10:38] Profile API - Database error: SQLSTATE[42S02]: Base table or view not found: 1146 Table 'siom_db.prodi' doesn't exist
[2025-07-08 00:11:00] Profile API - Session started. Session data: {"user_id":"7","username":"1111","role":"mahasiswa","full_name":"Maya","email":"maya@gmail.com","logged_in":true,"login_time":1751926249}
[2025-07-08 00:11:00] Profile API - Username: 1111, Role: mahasiswa, User ID: 7
[2025-07-08 00:11:00] Profile API - User data: {"id":"7","username":"1111","full_name":"Maya","email":"maya@gmail.com","role":"mahasiswa","created_at":"2025-07-08 08:05:17"}
[2025-07-08 00:11:00] Profile API - Database error: SQLSTATE[42S02]: Base table or view not found: 1146 Table 'siom_db.prodi' doesn't exist
[2025-07-08 00:22:43] Profile API - Session started. Session data: {"user_id":"7","username":"1111","role":"mahasiswa","full_name":"Maya","email":"maya@gmail.com","logged_in":true,"login_time":1751926957}
[2025-07-08 00:22:43] Profile API - Username: 1111, Role: mahasiswa, User ID: 7
[2025-07-08 00:22:43] Profile API - User data: {"id":"7","username":"1111","full_name":"Maya","email":"maya@gmail.com","role":"mahasiswa","created_at":"2025-07-08 08:05:17"}
[2025-07-08 00:22:43] Profile API - Database error: SQLSTATE[42S02]: Base table or view not found: 1146 Table 'siom_db.prodi' doesn't exist
[2025-07-08 00:22:54] Profile API - Session started. Session data: {"user_id":"7","username":"1111","role":"mahasiswa","full_name":"Maya","email":"maya@gmail.com","logged_in":true,"login_time":1751926957}
[2025-07-08 00:22:54] Profile API - Username: 1111, Role: mahasiswa, User ID: 7
[2025-07-08 00:22:54] Profile API - User data: {"id":"7","username":"1111","full_name":"Maya","email":"maya@gmail.com","role":"mahasiswa","created_at":"2025-07-08 08:05:17"}
[2025-07-08 00:22:54] Profile API - Database error: SQLSTATE[42S02]: Base table or view not found: 1146 Table 'siom_db.prodi' doesn't exist
[2025-07-08 00:24:00] Profile API - Session started. Session data: {"user_id":"6","username":"234234","role":"mahasiswa","full_name":"riyan","email":"sdfsdf@gmail.com","logged_in":true,"login_time":1751927028}
[2025-07-08 00:24:00] Profile API - Username: 234234, Role: mahasiswa, User ID: 6
[2025-07-08 00:24:00] Profile API - User data: {"id":"6","username":"234234","full_name":"riyan","email":"sdfsdf@gmail.com","role":"mahasiswa","created_at":"2025-07-08 06:43:22"}
[2025-07-08 00:24:00] Profile API - Database error: SQLSTATE[42S02]: Base table or view not found: 1146 Table 'siom_db.prodi' doesn't exist
[2025-07-08 00:25:35] Profile API - Session started. Session data: {"user_id":"6","username":"234234","role":"mahasiswa","full_name":"riyan","email":"sdfsdf@gmail.com","logged_in":true,"login_time":1751927028}
[2025-07-08 00:25:35] Profile API - Username: 234234, Role: mahasiswa, User ID: 6
[2025-07-08 00:25:35] Profile API - User data: {"id":"6","username":"234234","full_name":"riyan","email":"sdfsdf@gmail.com","role":"mahasiswa","created_at":"2025-07-08 06:43:22"}
[2025-07-08 00:25:35] Profile API - Database error: SQLSTATE[42S02]: Base table or view not found: 1146 Table 'siom_db.prodi' doesn't exist
[2025-07-08 00:29:19] Profile API - Session started. Session data: {"user_id":"6","username":"234234","role":"mahasiswa","full_name":"riyan","email":"sdfsdf@gmail.com","logged_in":true,"login_time":1751927344}
[2025-07-08 00:29:19] Profile API - Username: 234234, Role: mahasiswa, User ID: 6
[2025-07-08 00:29:19] Profile API - User data: {"id":"6","username":"234234","full_name":"riyan","email":"sdfsdf@gmail.com","role":"mahasiswa","created_at":"2025-07-08 06:43:22"}
[2025-07-08 00:29:19] Profile API - Database error: SQLSTATE[42S02]: Base table or view not found: 1146 Table 'siom_db.prodi' doesn't exist
[2025-07-08 00:30:55] Profile API - Session started. Session data: {"user_id":"6","username":"234234","role":"mahasiswa","full_name":"riyan","email":"sdfsdf@gmail.com","logged_in":true,"login_time":1751927344}
[2025-07-08 00:30:55] Profile API - Username: 234234, Role: mahasiswa, User ID: 6
[2025-07-08 00:30:55] Profile API - User data: {"id":"6","username":"234234","full_name":"riyan","email":"sdfsdf@gmail.com","role":"mahasiswa","created_at":"2025-07-08 06:43:22"}
[2025-07-08 00:30:55] Profile API - Database error: SQLSTATE[42S02]: Base table or view not found: 1146 Table 'siom_db.prodi' doesn't exist
[2025-07-08 00:32:27] Profile API - Session started. Session data: {"user_id":"6","username":"234234","role":"mahasiswa","full_name":"riyan","email":"sdfsdf@gmail.com","logged_in":true,"login_time":1751927344}
[2025-07-08 00:32:27] Profile API - Username: 234234, Role: mahasiswa, User ID: 6
[2025-07-08 00:32:27] Profile API - User data: {"id":"6","username":"234234","full_name":"riyan","email":"sdfsdf@gmail.com","role":"mahasiswa","created_at":"2025-07-08 06:43:22"}
[2025-07-08 00:32:27] Profile API - Database error: SQLSTATE[42S02]: Base table or view not found: 1146 Table 'siom_db.prodi' doesn't exist
[2025-07-08 00:35:30] Profile API - Session started. Session data: {"user_id":"6","username":"234234","role":"mahasiswa","full_name":"riyan","email":"sdfsdf@gmail.com","logged_in":true,"login_time":1751927701}
[2025-07-08 00:35:30] Profile API - Username: 234234, Role: mahasiswa, User ID: 6
[2025-07-08 00:35:30] Profile API - User data: {"id":"6","username":"234234","full_name":"riyan","email":"sdfsdf@gmail.com","role":"mahasiswa","created_at":"2025-07-08 06:43:22"}
[2025-07-08 00:35:30] Profile API - Database error: SQLSTATE[42S02]: Base table or view not found: 1146 Table 'siom_db.prodi' doesn't exist
[2025-07-08 00:37:55] Profile API - Session started. Session data: {"user_id":"6","username":"234234","role":"mahasiswa","full_name":"riyan","email":"sdfsdf@gmail.com","logged_in":true,"login_time":1751927810}
[2025-07-08 00:37:55] Profile API - Username: 234234, Role: mahasiswa, User ID: 6
[2025-07-08 00:37:55] Profile API - User data: {"id":"6","username":"234234","full_name":"riyan","email":"sdfsdf@gmail.com","role":"mahasiswa","created_at":"2025-07-08 06:43:22"}
[2025-07-08 00:37:55] Profile API - Database error: SQLSTATE[42S02]: Base table or view not found: 1146 Table 'siom_db.prodi' doesn't exist
[2025-07-08 00:43:08] Profile API - Session started. Session data: {"user_id":"7","username":"1111","role":"mahasiswa","full_name":"Maya","email":"maya@gmail.com","logged_in":true,"login_time":1751928135}
[2025-07-08 00:43:08] Profile API - Username: 1111, Role: mahasiswa, User ID: 7
[2025-07-08 00:43:08] Profile API - User data: {"id":"7","username":"1111","full_name":"Maya","email":"maya@gmail.com","role":"mahasiswa","created_at":"2025-07-08 08:05:17"}
[2025-07-08 00:43:08] Profile API - Database error: SQLSTATE[42S02]: Base table or view not found: 1146 Table 'siom_db.prodi' doesn't exist
[2025-07-08 00:45:04] Profile API - Session started. Session data: {"user_id":"7","username":"1111","role":"mahasiswa","full_name":"Maya","email":"maya@gmail.com","logged_in":true,"login_time":1751928135}
[2025-07-08 00:45:04] Profile API - Username: 1111, Role: mahasiswa, User ID: 7
[2025-07-08 00:45:04] Profile API - User data: {"id":"7","username":"1111","full_name":"Maya","email":"maya@gmail.com","role":"mahasiswa","created_at":"2025-07-08 08:05:17"}
[2025-07-08 00:45:04] Profile API - Database error: SQLSTATE[42S02]: Base table or view not found: 1146 Table 'siom_db.prodi' doesn't exist
[2025-07-08 01:24:45] Profile API - Session started. Session data: {"user_id":"1","username":"admin","role":"admin","full_name":"Administrator","email":"admin@siom.com","logged_in":true,"login_time":1751930413}
[2025-07-08 01:24:45] Profile API - Username: admin, Role: admin, User ID: 1
[2025-07-08 01:24:45] Profile API - User data: {"id":"1","username":"admin","full_name":"Administrator","email":"admin@siom.com","role":"admin","created_at":"2025-07-08 06:27:03"}
[2025-07-08 01:24:45] Profile API - Success returning profile data for user: admin
[2025-07-08 01:58:18] Profile API - Session started. Session data: {"user_id":"1","username":"admin","role":"admin","full_name":"Administrator","email":"admin@siom.com","logged_in":true,"login_time":1751932646}
[2025-07-08 01:58:18] Profile API - Username: admin, Role: admin, User ID: 1
[2025-07-08 01:58:18] Profile API - User data: {"id":"1","username":"admin","full_name":"Administrator","email":"admin@siom.com","role":"admin","created_at":"2025-07-08 06:27:03"}
[2025-07-08 01:58:18] Profile API - Success returning profile data for user: admin
[2025-07-08 02:16:29] Profile API - Session started. Session data: {"user_id":"1","username":"admin","role":"admin","full_name":"Administrator","email":"admin@siom.com","logged_in":true,"login_time":1751933215}
[2025-07-08 02:16:29] Profile API - Username: admin, Role: admin, User ID: 1
[2025-07-08 02:16:29] Profile API - User data: {"id":"1","username":"admin","full_name":"Administrator","email":"admin@siom.com","role":"admin","created_at":"2025-07-08 06:27:03"}
[2025-07-08 02:16:29] Profile API - Success returning profile data for user: admin
